[debug] [2023-10-01T23:17:07.346Z] ----------------------------------------------------------------------
[debug] [2023-10-01T23:17:07.348Z] Command:       /usr/local/bin/node /usr/local/bin/firebase emulators:start
[debug] [2023-10-01T23:17:07.348Z] CLI Version:   12.6.1
[debug] [2023-10-01T23:17:07.348Z] Platform:      darwin
[debug] [2023-10-01T23:17:07.349Z] Node Version:  v18.17.1
[debug] [2023-10-01T23:17:07.350Z] Time:          Sun Oct 01 2023 19:17:07 GMT-0400 (Eastern Daylight Time)
[debug] [2023-10-01T23:17:07.350Z] ----------------------------------------------------------------------
[debug] 
[debug] [2023-10-01T23:17:07.353Z] >>> [apiv2][query] GET https://firebase-public.firebaseio.com/cli.json [none]
[debug] [2023-10-01T23:17:07.486Z] > command requires scopes: ["email","openid","https://www.googleapis.com/auth/cloudplatformprojects.readonly","https://www.googleapis.com/auth/firebase","https://www.googleapis.com/auth/cloud-platform"]
[debug] [2023-10-01T23:17:07.486Z] > authorizing via signed-in user (nuhamintes2016@gmail.com)
[info] i  emulators: Starting emulators: functions {"metadata":{"emulator":{"name":"hub"},"message":"Starting emulators: functions"}}
[debug] [2023-10-01T23:17:07.900Z] [logging] Logging Emulator only supports listening on one address (127.0.0.1). Not listening on ::1
[debug] [2023-10-01T23:17:07.900Z] assigned listening specs for emulators {"user":{"hub":[{"address":"127.0.0.1","family":"IPv4","port":4400},{"address":"::1","family":"IPv6","port":4400}],"ui":[{"address":"127.0.0.1","family":"IPv4","port":4000},{"address":"::1","family":"IPv6","port":4000}],"logging":[{"address":"127.0.0.1","family":"IPv4","port":4500}]},"metadata":{"message":"assigned listening specs for emulators"}}
[debug] [2023-10-01T23:17:07.912Z] [hub] writing locator at /var/folders/4x/sdl7hzj114s4l3bzhwv620000000gn/T/hub-clone-16084.json
[debug] [2023-10-01T23:17:08.177Z] [functions] Functions Emulator only supports listening on one address (127.0.0.1). Not listening on ::1
[debug] [2023-10-01T23:17:08.178Z] [eventarc] Eventarc Emulator only supports listening on one address (127.0.0.1). Not listening on ::1
[debug] [2023-10-01T23:17:08.178Z] late-assigned ports for functions and eventarc emulators {"user":{"hub":[{"address":"127.0.0.1","family":"IPv4","port":4400},{"address":"::1","family":"IPv6","port":4400}],"ui":[{"address":"127.0.0.1","family":"IPv4","port":4000},{"address":"::1","family":"IPv6","port":4000}],"logging":[{"address":"127.0.0.1","family":"IPv4","port":4500}],"functions":[{"address":"127.0.0.1","family":"IPv4","port":5001}],"eventarc":[{"address":"127.0.0.1","family":"IPv4","port":9299}]},"metadata":{"message":"late-assigned ports for functions and eventarc emulators"}}
[warn] ⚠  functions: The following emulators are not running, calls to these services from the Functions emulator will affect production: auth, firestore, database, hosting, pubsub, storage {"metadata":{"emulator":{"name":"functions"},"message":"The following emulators are not running, calls to these services from the Functions emulator will affect production: \u001b[1mauth, firestore, database, hosting, pubsub, storage\u001b[22m"}}
[debug] [2023-10-01T23:17:08.182Z] defaultcredentials: writing to file /Users/nuhaminmelaku/.config/firebase/nuhamintes2016_gmail_com_application_default_credentials.json
[debug] [2023-10-01T23:17:08.185Z] Setting GAC to /Users/nuhaminmelaku/.config/firebase/nuhamintes2016_gmail_com_application_default_credentials.json {"metadata":{"emulator":{"name":"functions"},"message":"Setting GAC to /Users/nuhaminmelaku/.config/firebase/nuhamintes2016_gmail_com_application_default_credentials.json"}}
[debug] [2023-10-01T23:17:08.186Z] > refreshing access token with scopes: []
[debug] [2023-10-01T23:17:08.186Z] >>> [apiv2][query] POST https://www.googleapis.com/oauth2/v3/token [none]
[debug] [2023-10-01T23:17:08.186Z] >>> [apiv2][body] POST https://www.googleapis.com/oauth2/v3/token [omitted]
[debug] [2023-10-01T23:17:08.279Z] <<< [apiv2][status] GET https://firebase-public.firebaseio.com/cli.json 200
[debug] [2023-10-01T23:17:08.279Z] <<< [apiv2][body] GET https://firebase-public.firebaseio.com/cli.json {"cloudBuildErrorAfter":1594252800000,"cloudBuildWarnAfter":1590019200000,"defaultNode10After":1594252800000,"minVersion":"3.0.5","node8DeploysDisabledAfter":1613390400000,"node8RuntimeDisabledAfter":1615809600000,"node8WarnAfter":1600128000000}
[debug] [2023-10-01T23:17:08.547Z] <<< [apiv2][status] POST https://www.googleapis.com/oauth2/v3/token 200
[debug] [2023-10-01T23:17:08.547Z] <<< [apiv2][body] POST https://www.googleapis.com/oauth2/v3/token [omitted]
[debug] [2023-10-01T23:17:08.595Z] >>> [apiv2][query] GET https://firebase.googleapis.com/v1beta1/projects/clone-16084/adminSdkConfig [none]
[debug] [2023-10-01T23:17:08.815Z] <<< [apiv2][status] GET https://firebase.googleapis.com/v1beta1/projects/clone-16084/adminSdkConfig 200
[debug] [2023-10-01T23:17:08.816Z] <<< [apiv2][body] GET https://firebase.googleapis.com/v1beta1/projects/clone-16084/adminSdkConfig {"projectId":"clone-16084","storageBucket":"clone-16084.appspot.com"}
[debug] [2023-10-01T23:17:08.855Z] Ignoring unsupported arg: auto_download {"metadata":{"emulator":{"name":"ui"},"message":"Ignoring unsupported arg: auto_download"}}
[debug] [2023-10-01T23:17:08.855Z] Ignoring unsupported arg: port {"metadata":{"emulator":{"name":"ui"},"message":"Ignoring unsupported arg: port"}}
[debug] [2023-10-01T23:17:08.855Z] Starting Emulator UI with command {"binary":"node","args":["/Users/nuhaminmelaku/.cache/firebase/emulators/ui-v1.11.7/server/server.js"],"optionalArgs":[],"joinArgs":false} {"metadata":{"emulator":{"name":"ui"},"message":"Starting Emulator UI with command {\"binary\":\"node\",\"args\":[\"/Users/nuhaminmelaku/.cache/firebase/emulators/ui-v1.11.7/server/server.js\"],\"optionalArgs\":[],\"joinArgs\":false}"}}
[info] i  ui: Emulator UI logging to ui-debug.log {"metadata":{"emulator":{"name":"ui"},"message":"Emulator UI logging to \u001b[1mui-debug.log\u001b[22m"}}
[debug] [2023-10-01T23:17:09.007Z] Web / API server started at 127.0.0.1:4000
 {"metadata":{"emulator":{"name":"ui"},"message":"Web / API server started at 127.0.0.1:4000\n"}}
[debug] [2023-10-01T23:17:09.008Z] Web / API server started at ::1:4000
 {"metadata":{"emulator":{"name":"ui"},"message":"Web / API server started at ::1:4000\n"}}
[info] i  functions: Watching "/Users/nuhaminmelaku/Desktop/EVANGADI/Project/AmazonClone/client/amazon-replica/functions" for Cloud Functions... {"metadata":{"emulator":{"name":"functions"},"message":"Watching \"/Users/nuhaminmelaku/Desktop/EVANGADI/Project/AmazonClone/client/amazon-replica/functions\" for Cloud Functions..."}}
[debug] [2023-10-01T23:17:09.119Z] Validating nodejs source
[debug] [2023-10-01T23:17:10.013Z] > [functions] package.json contents: {
  "name": "functions",
  "description": "Cloud Functions for Firebase",
  "scripts": {
    "lint": "eslint .",
    "serve": "firebase emulators:start --only functions",
    "shell": "firebase functions:shell",
    "start": "npm run shell",
    "deploy": "firebase deploy --only functions",
    "logs": "firebase functions:log"
  },
  "engines": {
    "node": "18"
  },
  "main": "index.js",
  "dependencies": {
    "cors": "^2.8.5",
    "express": "^4.18.2",
    "firebase-admin": "^11.8.0",
    "firebase-functions": "^4.3.1",
    "stripe": "^13.7.0"
  },
  "devDependencies": {
    "eslint": "^8.15.0",
    "eslint-config-google": "^0.14.0",
    "firebase-functions-test": "^3.1.0"
  },
  "private": true
}
[debug] [2023-10-01T23:17:10.013Z] Building nodejs source
[debug] [2023-10-01T23:17:10.013Z] Failed to find version of module node: reached end of search path /Users/nuhaminmelaku/Desktop/EVANGADI/Project/AmazonClone/client/amazon-replica/functions/node_modules
[info] ✔  functions: Using node@18 from host. 
[debug] [2023-10-01T23:17:10.015Z] Could not find functions.yaml. Must use http discovery
[debug] [2023-10-01T23:17:10.026Z] Found firebase-functions binary at '/Users/nuhaminmelaku/Desktop/EVANGADI/Project/AmazonClone/client/amazon-replica/functions/node_modules/.bin/firebase-functions'
[info] Serving at port 8801

[debug] [2023-10-01T23:17:10.917Z] Got response from /__/functions.yaml {"endpoints":{"api":{"platform":"gcfv1","availableMemoryMb":null,"timeoutSeconds":null,"minInstances":null,"maxInstances":null,"ingressSettings":null,"serviceAccountEmail":null,"vpc":null,"httpsTrigger":{},"entryPoint":"api"}},"specVersion":"v1alpha1","requiredAPIs":[]}
[info] shutdown requested via /__/quitquitquit

[info] ✔  functions: Loaded functions definitions from source: api. {"metadata":{"emulator":{"name":"functions"},"message":"Loaded functions definitions from source: api."}}
[info] ✔  functions[us-central1-api]: http function initialized (http://127.0.0.1:5001/clone-16084/us-central1/api). {"metadata":{"emulator":{"name":"functions"},"message":"\u001b[1mhttp\u001b[22m function initialized (http://127.0.0.1:5001/clone-16084/us-central1/api)."}}
[info] 
┌─────────────────────────────────────────────────────────────┐
│ ✔  All emulators ready! It is now safe to connect your app. │
│ i  View Emulator UI at http://127.0.0.1:4000/               │
└─────────────────────────────────────────────────────────────┘

┌───────────┬────────────────┬─────────────────────────────────┐
│ Emulator  │ Host:Port      │ View in Emulator UI             │
├───────────┼────────────────┼─────────────────────────────────┤
│ Functions │ 127.0.0.1:5001 │ http://127.0.0.1:4000/functions │
└───────────┴────────────────┴─────────────────────────────────┘
  Emulator Hub running at 127.0.0.1:4400
  Other reserved ports: 4500

Issues? Report them at https://github.com/firebase/firebase-tools/issues and attach the *-debug.log files.
 
[debug] [2023-10-01T23:17:13.473Z] File /Users/nuhaminmelaku/Desktop/EVANGADI/Project/AmazonClone/client/amazon-replica/functions/index.js changed, reloading triggers {"metadata":{"emulator":{"name":"functions"},"message":"File /Users/nuhaminmelaku/Desktop/EVANGADI/Project/AmazonClone/client/amazon-replica/functions/index.js changed, reloading triggers"}}
[debug] [2023-10-01T23:17:14.474Z] Validating nodejs source
[debug] [2023-10-01T23:17:15.559Z] > [functions] package.json contents: {
  "name": "functions",
  "description": "Cloud Functions for Firebase",
  "scripts": {
    "lint": "eslint .",
    "serve": "firebase emulators:start --only functions",
    "shell": "firebase functions:shell",
    "start": "npm run shell",
    "deploy": "firebase deploy --only functions",
    "logs": "firebase functions:log"
  },
  "engines": {
    "node": "18"
  },
  "main": "index.js",
  "dependencies": {
    "cors": "^2.8.5",
    "express": "^4.18.2",
    "firebase-admin": "^11.8.0",
    "firebase-functions": "^4.3.1",
    "stripe": "^13.7.0"
  },
  "devDependencies": {
    "eslint": "^8.15.0",
    "eslint-config-google": "^0.14.0",
    "firebase-functions-test": "^3.1.0"
  },
  "private": true
}
[debug] [2023-10-01T23:17:15.559Z] Building nodejs source
[debug] [2023-10-01T23:17:15.560Z] Failed to find version of module node: reached end of search path /Users/nuhaminmelaku/Desktop/EVANGADI/Project/AmazonClone/client/amazon-replica/functions/node_modules
[info] ✔  functions: Using node@18 from host. 
[debug] [2023-10-01T23:17:15.560Z] Could not find functions.yaml. Must use http discovery
[debug] [2023-10-01T23:17:15.561Z] Found firebase-functions binary at '/Users/nuhaminmelaku/Desktop/EVANGADI/Project/AmazonClone/client/amazon-replica/functions/node_modules/.bin/firebase-functions'
[info] Serving at port 8378

[debug] [2023-10-01T23:17:16.039Z] Got response from /__/functions.yaml {"endpoints":{"api":{"platform":"gcfv1","availableMemoryMb":null,"timeoutSeconds":null,"minInstances":null,"maxInstances":null,"ingressSettings":null,"serviceAccountEmail":null,"vpc":null,"httpsTrigger":{},"entryPoint":"api"}},"specVersion":"v1alpha1","requiredAPIs":[]}
[info] shutdown requested via /__/quitquitquit

[info] ✔  functions: Loaded functions definitions from source: api. {"metadata":{"emulator":{"name":"functions"},"message":"Loaded functions definitions from source: api."}}
[debug] [2023-10-01T23:18:12.902Z] [work-queue] {"queuedWork":["/clone-16084/us-central1/api/payments-2023-10-01T23:18:12.901Z"],"queueLength":1,"runningWork":[],"workRunningCount":0}
[debug] [2023-10-01T23:18:12.904Z] [work-queue] {"queuedWork":[],"queueLength":0,"runningWork":["/clone-16084/us-central1/api/payments-2023-10-01T23:18:12.901Z"],"workRunningCount":1}
[debug] [2023-10-01T23:18:12.905Z] Accepted request POST /clone-16084/us-central1/api/payments?total=2392 --> us-central1-api
[debug] [2023-10-01T23:18:12.915Z] [functions] Runtime ready! Sending request! {"metadata":{"emulator":{"name":"functions"},"message":"[functions] Runtime ready! Sending request!"}}
[debug] [2023-10-01T23:18:12.916Z] [functions] Got req.url=/clone-16084/us-central1/api/payments?total=2392, mapping to path=/payments?total=2392 {"metadata":{"emulator":{"name":"functions"},"message":"[functions] Got req.url=/clone-16084/us-central1/api/payments?total=2392, mapping to path=/payments?total=2392"}}
[debug] [2023-10-01T23:18:12.924Z] [worker-pool] addWorker(us-central1-api) {"metadata":{"emulator":{"name":"functions"},"message":"[worker-pool] addWorker(us-central1-api)"}}
[debug] [2023-10-01T23:18:12.926Z] [worker-pool] Adding worker with key us-central1-api, total=1 {"metadata":{"emulator":{"name":"functions"},"message":"[worker-pool] Adding worker with key us-central1-api, total=1"}}
[debug] [2023-10-01T23:18:12.936Z] [work-queue] {"queuedWork":["/clone-16084/us-central1/api/payments-2023-10-01T23:18:12.936Z"],"queueLength":1,"runningWork":["/clone-16084/us-central1/api/payments-2023-10-01T23:18:12.901Z"],"workRunningCount":1}
[debug] [2023-10-01T23:18:12.936Z] [work-queue] {"queuedWork":[],"queueLength":0,"runningWork":["/clone-16084/us-central1/api/payments-2023-10-01T23:18:12.901Z","/clone-16084/us-central1/api/payments-2023-10-01T23:18:12.936Z"],"workRunningCount":2}
[debug] [2023-10-01T23:18:12.936Z] Accepted request POST /clone-16084/us-central1/api/payments?total=2392 --> us-central1-api
[debug] [2023-10-01T23:18:12.939Z] [functions] Runtime ready! Sending request! {"metadata":{"emulator":{"name":"functions"},"message":"[functions] Runtime ready! Sending request!"}}
[debug] [2023-10-01T23:18:12.939Z] [functions] Got req.url=/clone-16084/us-central1/api/payments?total=2392, mapping to path=/payments?total=2392 {"metadata":{"emulator":{"name":"functions"},"message":"[functions] Got req.url=/clone-16084/us-central1/api/payments?total=2392, mapping to path=/payments?total=2392"}}
[debug] [2023-10-01T23:18:12.944Z] [worker-pool] addWorker(us-central1-api) {"metadata":{"emulator":{"name":"functions"},"message":"[worker-pool] addWorker(us-central1-api)"}}
[debug] [2023-10-01T23:18:12.946Z] [worker-pool] Adding worker with key us-central1-api, total=2 {"metadata":{"emulator":{"name":"functions"},"message":"[worker-pool] Adding worker with key us-central1-api, total=2"}}
[debug] [2023-10-01T23:18:14.993Z] [runtime-status] [42247] Resolved module firebase-admin {"declared":true,"installed":true,"version":"11.10.1","resolution":"/Users/nuhaminmelaku/Desktop/EVANGADI/Project/AmazonClone/client/amazon-replica/functions/node_modules/firebase-admin/lib/index.js"} {"metadata":{"emulator":{"name":"functions"},"function":{"name":"us-central1-api"},"extension":{},"message":"[runtime-status] [42247] Resolved module firebase-admin {\"declared\":true,\"installed\":true,\"version\":\"11.10.1\",\"resolution\":\"/Users/nuhaminmelaku/Desktop/EVANGADI/Project/AmazonClone/client/amazon-replica/functions/node_modules/firebase-admin/lib/index.js\"}"}}
[debug] [2023-10-01T23:18:14.994Z] [runtime-status] [42246] Resolved module firebase-admin {"declared":true,"installed":true,"version":"11.10.1","resolution":"/Users/nuhaminmelaku/Desktop/EVANGADI/Project/AmazonClone/client/amazon-replica/functions/node_modules/firebase-admin/lib/index.js"} {"metadata":{"emulator":{"name":"functions"},"function":{"name":"us-central1-api"},"extension":{},"message":"[runtime-status] [42246] Resolved module firebase-admin {\"declared\":true,\"installed\":true,\"version\":\"11.10.1\",\"resolution\":\"/Users/nuhaminmelaku/Desktop/EVANGADI/Project/AmazonClone/client/amazon-replica/functions/node_modules/firebase-admin/lib/index.js\"}"}}
[debug] [2023-10-01T23:18:14.994Z] [runtime-status] [42246] Resolved module firebase-functions {"declared":true,"installed":true,"version":"4.4.1","resolution":"/Users/nuhaminmelaku/Desktop/EVANGADI/Project/AmazonClone/client/amazon-replica/functions/node_modules/firebase-functions/lib/v1/index.js"} {"metadata":{"emulator":{"name":"functions"},"function":{"name":"us-central1-api"},"extension":{},"message":"[runtime-status] [42246] Resolved module firebase-functions {\"declared\":true,\"installed\":true,\"version\":\"4.4.1\",\"resolution\":\"/Users/nuhaminmelaku/Desktop/EVANGADI/Project/AmazonClone/client/amazon-replica/functions/node_modules/firebase-functions/lib/v1/index.js\"}"}}
[debug] [2023-10-01T23:18:14.996Z] [runtime-status] [42247] Resolved module firebase-functions {"declared":true,"installed":true,"version":"4.4.1","resolution":"/Users/nuhaminmelaku/Desktop/EVANGADI/Project/AmazonClone/client/amazon-replica/functions/node_modules/firebase-functions/lib/v1/index.js"} {"metadata":{"emulator":{"name":"functions"},"function":{"name":"us-central1-api"},"extension":{},"message":"[runtime-status] [42247] Resolved module firebase-functions {\"declared\":true,\"installed\":true,\"version\":\"4.4.1\",\"resolution\":\"/Users/nuhaminmelaku/Desktop/EVANGADI/Project/AmazonClone/client/amazon-replica/functions/node_modules/firebase-functions/lib/v1/index.js\"}"}}
[debug] [2023-10-01T23:18:14.996Z] [runtime-status] [42247] Outgoing network have been stubbed. [{"name":"http","status":"mocked"},{"name":"http","status":"mocked"},{"name":"https","status":"mocked"},{"name":"https","status":"mocked"},{"name":"net","status":"mocked"}] {"metadata":{"emulator":{"name":"functions"},"function":{"name":"us-central1-api"},"extension":{},"message":"[runtime-status] [42247] Outgoing network have been stubbed. [{\"name\":\"http\",\"status\":\"mocked\"},{\"name\":\"http\",\"status\":\"mocked\"},{\"name\":\"https\",\"status\":\"mocked\"},{\"name\":\"https\",\"status\":\"mocked\"},{\"name\":\"net\",\"status\":\"mocked\"}]"}}
[debug] [2023-10-01T23:18:14.996Z] [runtime-status] [42246] Outgoing network have been stubbed. [{"name":"http","status":"mocked"},{"name":"http","status":"mocked"},{"name":"https","status":"mocked"},{"name":"https","status":"mocked"},{"name":"net","status":"mocked"}] {"metadata":{"emulator":{"name":"functions"},"function":{"name":"us-central1-api"},"extension":{},"message":"[runtime-status] [42246] Outgoing network have been stubbed. [{\"name\":\"http\",\"status\":\"mocked\"},{\"name\":\"http\",\"status\":\"mocked\"},{\"name\":\"https\",\"status\":\"mocked\"},{\"name\":\"https\",\"status\":\"mocked\"},{\"name\":\"net\",\"status\":\"mocked\"}]"}}
[debug] [2023-10-01T23:18:14.996Z] [runtime-status] [42246] Resolved module firebase-functions {"declared":true,"installed":true,"version":"4.4.1","resolution":"/Users/nuhaminmelaku/Desktop/EVANGADI/Project/AmazonClone/client/amazon-replica/functions/node_modules/firebase-functions/lib/v1/index.js"} {"metadata":{"emulator":{"name":"functions"},"function":{"name":"us-central1-api"},"extension":{},"message":"[runtime-status] [42246] Resolved module firebase-functions {\"declared\":true,\"installed\":true,\"version\":\"4.4.1\",\"resolution\":\"/Users/nuhaminmelaku/Desktop/EVANGADI/Project/AmazonClone/client/amazon-replica/functions/node_modules/firebase-functions/lib/v1/index.js\"}"}}
[debug] [2023-10-01T23:18:14.996Z] [runtime-status] [42247] Resolved module firebase-functions {"declared":true,"installed":true,"version":"4.4.1","resolution":"/Users/nuhaminmelaku/Desktop/EVANGADI/Project/AmazonClone/client/amazon-replica/functions/node_modules/firebase-functions/lib/v1/index.js"} {"metadata":{"emulator":{"name":"functions"},"function":{"name":"us-central1-api"},"extension":{},"message":"[runtime-status] [42247] Resolved module firebase-functions {\"declared\":true,\"installed\":true,\"version\":\"4.4.1\",\"resolution\":\"/Users/nuhaminmelaku/Desktop/EVANGADI/Project/AmazonClone/client/amazon-replica/functions/node_modules/firebase-functions/lib/v1/index.js\"}"}}
[debug] [2023-10-01T23:18:15.426Z] [runtime-status] [42247] Checked functions.config() {"config":{}} {"metadata":{"emulator":{"name":"functions"},"function":{"name":"us-central1-api"},"extension":{},"message":"[runtime-status] [42247] Checked functions.config() {\"config\":{}}"}}
[debug] [2023-10-01T23:18:15.426Z] [runtime-status] [42247] firebase-functions has been stubbed. {"functionsResolution":{"declared":true,"installed":true,"version":"4.4.1","resolution":"/Users/nuhaminmelaku/Desktop/EVANGADI/Project/AmazonClone/client/amazon-replica/functions/node_modules/firebase-functions/lib/v1/index.js"}} {"metadata":{"emulator":{"name":"functions"},"function":{"name":"us-central1-api"},"extension":{},"message":"[runtime-status] [42247] firebase-functions has been stubbed. {\"functionsResolution\":{\"declared\":true,\"installed\":true,\"version\":\"4.4.1\",\"resolution\":\"/Users/nuhaminmelaku/Desktop/EVANGADI/Project/AmazonClone/client/amazon-replica/functions/node_modules/firebase-functions/lib/v1/index.js\"}}"}}
[debug] [2023-10-01T23:18:15.426Z] [runtime-status] [42246] Checked functions.config() {"config":{}} {"metadata":{"emulator":{"name":"functions"},"function":{"name":"us-central1-api"},"extension":{},"message":"[runtime-status] [42246] Checked functions.config() {\"config\":{}}"}}
[debug] [2023-10-01T23:18:15.426Z] [runtime-status] [42246] firebase-functions has been stubbed. {"functionsResolution":{"declared":true,"installed":true,"version":"4.4.1","resolution":"/Users/nuhaminmelaku/Desktop/EVANGADI/Project/AmazonClone/client/amazon-replica/functions/node_modules/firebase-functions/lib/v1/index.js"}} {"metadata":{"emulator":{"name":"functions"},"function":{"name":"us-central1-api"},"extension":{},"message":"[runtime-status] [42246] firebase-functions has been stubbed. {\"functionsResolution\":{\"declared\":true,\"installed\":true,\"version\":\"4.4.1\",\"resolution\":\"/Users/nuhaminmelaku/Desktop/EVANGADI/Project/AmazonClone/client/amazon-replica/functions/node_modules/firebase-functions/lib/v1/index.js\"}}"}}
[debug] [2023-10-01T23:18:15.426Z] [runtime-status] [42247] Resolved module firebase-functions {"declared":true,"installed":true,"version":"4.4.1","resolution":"/Users/nuhaminmelaku/Desktop/EVANGADI/Project/AmazonClone/client/amazon-replica/functions/node_modules/firebase-functions/lib/v1/index.js"} {"metadata":{"emulator":{"name":"functions"},"function":{"name":"us-central1-api"},"extension":{},"message":"[runtime-status] [42247] Resolved module firebase-functions {\"declared\":true,\"installed\":true,\"version\":\"4.4.1\",\"resolution\":\"/Users/nuhaminmelaku/Desktop/EVANGADI/Project/AmazonClone/client/amazon-replica/functions/node_modules/firebase-functions/lib/v1/index.js\"}"}}
[debug] [2023-10-01T23:18:15.427Z] [runtime-status] [42246] Resolved module firebase-functions {"declared":true,"installed":true,"version":"4.4.1","resolution":"/Users/nuhaminmelaku/Desktop/EVANGADI/Project/AmazonClone/client/amazon-replica/functions/node_modules/firebase-functions/lib/v1/index.js"} {"metadata":{"emulator":{"name":"functions"},"function":{"name":"us-central1-api"},"extension":{},"message":"[runtime-status] [42246] Resolved module firebase-functions {\"declared\":true,\"installed\":true,\"version\":\"4.4.1\",\"resolution\":\"/Users/nuhaminmelaku/Desktop/EVANGADI/Project/AmazonClone/client/amazon-replica/functions/node_modules/firebase-functions/lib/v1/index.js\"}"}}
[debug] [2023-10-01T23:18:15.427Z] [runtime-status] [42247] Resolved module firebase-admin {"declared":true,"installed":true,"version":"11.10.1","resolution":"/Users/nuhaminmelaku/Desktop/EVANGADI/Project/AmazonClone/client/amazon-replica/functions/node_modules/firebase-admin/lib/index.js"} {"metadata":{"emulator":{"name":"functions"},"function":{"name":"us-central1-api"},"extension":{},"message":"[runtime-status] [42247] Resolved module firebase-admin {\"declared\":true,\"installed\":true,\"version\":\"11.10.1\",\"resolution\":\"/Users/nuhaminmelaku/Desktop/EVANGADI/Project/AmazonClone/client/amazon-replica/functions/node_modules/firebase-admin/lib/index.js\"}"}}
[debug] [2023-10-01T23:18:15.427Z] [runtime-status] [42246] Resolved module firebase-admin {"declared":true,"installed":true,"version":"11.10.1","resolution":"/Users/nuhaminmelaku/Desktop/EVANGADI/Project/AmazonClone/client/amazon-replica/functions/node_modules/firebase-admin/lib/index.js"} {"metadata":{"emulator":{"name":"functions"},"function":{"name":"us-central1-api"},"extension":{},"message":"[runtime-status] [42246] Resolved module firebase-admin {\"declared\":true,\"installed\":true,\"version\":\"11.10.1\",\"resolution\":\"/Users/nuhaminmelaku/Desktop/EVANGADI/Project/AmazonClone/client/amazon-replica/functions/node_modules/firebase-admin/lib/index.js\"}"}}
[debug] [2023-10-01T23:18:15.431Z] [runtime-status] [42247] Resolved module firebase-functions {"declared":true,"installed":true,"version":"4.4.1","resolution":"/Users/nuhaminmelaku/Desktop/EVANGADI/Project/AmazonClone/client/amazon-replica/functions/node_modules/firebase-functions/lib/v1/index.js"} {"metadata":{"emulator":{"name":"functions"},"function":{"name":"us-central1-api"},"extension":{},"message":"[runtime-status] [42247] Resolved module firebase-functions {\"declared\":true,\"installed\":true,\"version\":\"4.4.1\",\"resolution\":\"/Users/nuhaminmelaku/Desktop/EVANGADI/Project/AmazonClone/client/amazon-replica/functions/node_modules/firebase-functions/lib/v1/index.js\"}"}}
[debug] [2023-10-01T23:18:15.431Z] [runtime-status] [42246] Resolved module firebase-functions {"declared":true,"installed":true,"version":"4.4.1","resolution":"/Users/nuhaminmelaku/Desktop/EVANGADI/Project/AmazonClone/client/amazon-replica/functions/node_modules/firebase-functions/lib/v1/index.js"} {"metadata":{"emulator":{"name":"functions"},"function":{"name":"us-central1-api"},"extension":{},"message":"[runtime-status] [42246] Resolved module firebase-functions {\"declared\":true,\"installed\":true,\"version\":\"4.4.1\",\"resolution\":\"/Users/nuhaminmelaku/Desktop/EVANGADI/Project/AmazonClone/client/amazon-replica/functions/node_modules/firebase-functions/lib/v1/index.js\"}"}}
[debug] [2023-10-01T23:18:15.431Z] [runtime-status] [42246] firebase-admin has been stubbed. {"adminResolution":{"declared":true,"installed":true,"version":"11.10.1","resolution":"/Users/nuhaminmelaku/Desktop/EVANGADI/Project/AmazonClone/client/amazon-replica/functions/node_modules/firebase-admin/lib/index.js"}} {"metadata":{"emulator":{"name":"functions"},"function":{"name":"us-central1-api"},"extension":{},"message":"[runtime-status] [42246] firebase-admin has been stubbed. {\"adminResolution\":{\"declared\":true,\"installed\":true,\"version\":\"11.10.1\",\"resolution\":\"/Users/nuhaminmelaku/Desktop/EVANGADI/Project/AmazonClone/client/amazon-replica/functions/node_modules/firebase-admin/lib/index.js\"}}"}}
[debug] [2023-10-01T23:18:15.431Z] [runtime-status] [42247] firebase-admin has been stubbed. {"adminResolution":{"declared":true,"installed":true,"version":"11.10.1","resolution":"/Users/nuhaminmelaku/Desktop/EVANGADI/Project/AmazonClone/client/amazon-replica/functions/node_modules/firebase-admin/lib/index.js"}} {"metadata":{"emulator":{"name":"functions"},"function":{"name":"us-central1-api"},"extension":{},"message":"[runtime-status] [42247] firebase-admin has been stubbed. {\"adminResolution\":{\"declared\":true,\"installed\":true,\"version\":\"11.10.1\",\"resolution\":\"/Users/nuhaminmelaku/Desktop/EVANGADI/Project/AmazonClone/client/amazon-replica/functions/node_modules/firebase-admin/lib/index.js\"}}"}}
[debug] [2023-10-01T23:18:15.664Z] [runtime-status] [42247] Functions runtime initialized. {"cwd":"/Users/nuhaminmelaku/Desktop/EVANGADI/Project/AmazonClone/client/amazon-replica/functions","node_version":"18.17.1"} {"metadata":{"emulator":{"name":"functions"},"function":{"name":"us-central1-api"},"extension":{},"message":"[runtime-status] [42247] Functions runtime initialized. {\"cwd\":\"/Users/nuhaminmelaku/Desktop/EVANGADI/Project/AmazonClone/client/amazon-replica/functions\",\"node_version\":\"18.17.1\"}"}}
[debug] [2023-10-01T23:18:15.664Z] [runtime-status] [42246] Functions runtime initialized. {"cwd":"/Users/nuhaminmelaku/Desktop/EVANGADI/Project/AmazonClone/client/amazon-replica/functions","node_version":"18.17.1"} {"metadata":{"emulator":{"name":"functions"},"function":{"name":"us-central1-api"},"extension":{},"message":"[runtime-status] [42246] Functions runtime initialized. {\"cwd\":\"/Users/nuhaminmelaku/Desktop/EVANGADI/Project/AmazonClone/client/amazon-replica/functions\",\"node_version\":\"18.17.1\"}"}}
[debug] [2023-10-01T23:18:15.664Z] [runtime-status] [42246] Listening to port: /var/folders/4x/sdl7hzj114s4l3bzhwv620000000gn/T/fire_emu_7635d041854e7d3a.sock {"metadata":{"emulator":{"name":"functions"},"function":{"name":"us-central1-api"},"extension":{},"message":"[runtime-status] [42246] Listening to port: /var/folders/4x/sdl7hzj114s4l3bzhwv620000000gn/T/fire_emu_7635d041854e7d3a.sock"}}
[debug] [2023-10-01T23:18:15.664Z] [runtime-status] [42247] Listening to port: /var/folders/4x/sdl7hzj114s4l3bzhwv620000000gn/T/fire_emu_2d1c5b37cf027c24.sock {"metadata":{"emulator":{"name":"functions"},"function":{"name":"us-central1-api"},"extension":{},"message":"[runtime-status] [42247] Listening to port: /var/folders/4x/sdl7hzj114s4l3bzhwv620000000gn/T/fire_emu_2d1c5b37cf027c24.sock"}}
[debug] [2023-10-01T23:18:15.689Z] [worker-us-central1-api-68885743-e8e2-4e82-96d0-fca2f5358941]: IDLE {"metadata":{"emulator":{"name":"functions"},"function":{"name":"us-central1-api"},"extension":{},"message":"[worker-us-central1-api-68885743-e8e2-4e82-96d0-fca2f5358941]: IDLE"}}
[debug] [2023-10-01T23:18:15.689Z] [worker-pool] submitRequest(triggerId=us-central1-api) {"metadata":{"emulator":{"name":"functions"},"message":"[worker-pool] submitRequest(triggerId=us-central1-api)"}}
[info] i  functions: Beginning execution of "us-central1-api" {"metadata":{"emulator":{"name":"functions"},"function":{"name":"us-central1-api"},"extension":{},"message":"Beginning execution of \"us-central1-api\""}}
[debug] [2023-10-01T23:18:15.690Z] [worker-us-central1-api-68885743-e8e2-4e82-96d0-fca2f5358941]: BUSY {"metadata":{"emulator":{"name":"functions"},"function":{"name":"us-central1-api"},"extension":{},"message":"[worker-us-central1-api-68885743-e8e2-4e82-96d0-fca2f5358941]: BUSY"}}
[info] >  Payment Request Recieved for this amount >>> 2392 {"user":"Payment Request Recieved for this amount >>> 2392","metadata":{"emulator":{"name":"functions"},"function":{"name":"us-central1-api"},"extension":{},"message":"\u001b[90m> \u001b[39m Payment Request Recieved for this amount >>> 2392"}}
[debug] [2023-10-01T23:18:15.769Z] [worker-us-central1-api-6ae8a0d7-a700-4674-9bea-55dae4fc69ad]: IDLE {"metadata":{"emulator":{"name":"functions"},"function":{"name":"us-central1-api"},"extension":{},"message":"[worker-us-central1-api-6ae8a0d7-a700-4674-9bea-55dae4fc69ad]: IDLE"}}
[debug] [2023-10-01T23:18:15.769Z] [worker-pool] submitRequest(triggerId=us-central1-api) {"metadata":{"emulator":{"name":"functions"},"message":"[worker-pool] submitRequest(triggerId=us-central1-api)"}}
[info] i  functions: Beginning execution of "us-central1-api" {"metadata":{"emulator":{"name":"functions"},"function":{"name":"us-central1-api"},"extension":{},"message":"Beginning execution of \"us-central1-api\""}}
[debug] [2023-10-01T23:18:15.770Z] [worker-us-central1-api-6ae8a0d7-a700-4674-9bea-55dae4fc69ad]: BUSY {"metadata":{"emulator":{"name":"functions"},"function":{"name":"us-central1-api"},"extension":{},"message":"[worker-us-central1-api-6ae8a0d7-a700-4674-9bea-55dae4fc69ad]: BUSY"}}
[info] >  Payment Request Recieved for this amount >>> 2392 {"user":"Payment Request Recieved for this amount >>> 2392","metadata":{"emulator":{"name":"functions"},"function":{"name":"us-central1-api"},"extension":{},"message":"\u001b[90m> \u001b[39m Payment Request Recieved for this amount >>> 2392"}}
[debug] [2023-10-01T23:18:16.132Z] Finishing up request with event=pause {"metadata":{"emulator":{"name":"functions"},"function":{"name":"us-central1-api"},"extension":{},"message":"Finishing up request with event=pause"}}
[info] i  functions: Finished "us-central1-api" in 362.097191ms {"metadata":{"emulator":{"name":"functions"},"function":{"name":"us-central1-api"},"extension":{},"message":"Finished \"us-central1-api\" in 362.097191ms"}}
[debug] [2023-10-01T23:18:16.132Z] [worker-us-central1-api-6ae8a0d7-a700-4674-9bea-55dae4fc69ad]: IDLE {"metadata":{"emulator":{"name":"functions"},"function":{"name":"us-central1-api"},"extension":{},"message":"[worker-us-central1-api-6ae8a0d7-a700-4674-9bea-55dae4fc69ad]: IDLE"}}
[debug] [2023-10-01T23:18:16.132Z] Finishing up request with event=finish {"metadata":{"emulator":{"name":"functions"},"function":{"name":"us-central1-api"},"extension":{},"message":"Finishing up request with event=finish"}}
[debug] [2023-10-01T23:18:16.133Z] Finishing up request with event=close {"metadata":{"emulator":{"name":"functions"},"function":{"name":"us-central1-api"},"extension":{},"message":"Finishing up request with event=close"}}
[debug] [2023-10-01T23:18:16.133Z] [work-queue] {"queuedWork":[],"queueLength":0,"runningWork":["/clone-16084/us-central1/api/payments-2023-10-01T23:18:12.936Z"],"workRunningCount":1}
[debug] [2023-10-01T23:18:16.170Z] Finishing up request with event=pause {"metadata":{"emulator":{"name":"functions"},"function":{"name":"us-central1-api"},"extension":{},"message":"Finishing up request with event=pause"}}
[info] i  functions: Finished "us-central1-api" in 479.771261ms {"metadata":{"emulator":{"name":"functions"},"function":{"name":"us-central1-api"},"extension":{},"message":"Finished \"us-central1-api\" in 479.771261ms"}}
[debug] [2023-10-01T23:18:16.171Z] [worker-us-central1-api-68885743-e8e2-4e82-96d0-fca2f5358941]: IDLE {"metadata":{"emulator":{"name":"functions"},"function":{"name":"us-central1-api"},"extension":{},"message":"[worker-us-central1-api-68885743-e8e2-4e82-96d0-fca2f5358941]: IDLE"}}
[debug] [2023-10-01T23:18:16.171Z] Finishing up request with event=finish {"metadata":{"emulator":{"name":"functions"},"function":{"name":"us-central1-api"},"extension":{},"message":"Finishing up request with event=finish"}}
[debug] [2023-10-01T23:18:16.171Z] Finishing up request with event=close {"metadata":{"emulator":{"name":"functions"},"function":{"name":"us-central1-api"},"extension":{},"message":"Finishing up request with event=close"}}
[debug] [2023-10-01T23:18:16.171Z] [work-queue] {"queuedWork":[],"queueLength":0,"runningWork":[],"workRunningCount":0}
[debug] [2023-10-01T23:55:23.615Z] [work-queue] {"queuedWork":["/clone-16084/us-central1/api/payments-2023-10-01T23:55:23.613Z"],"queueLength":1,"runningWork":[],"workRunningCount":0}
[debug] [2023-10-01T23:55:23.627Z] [work-queue] {"queuedWork":[],"queueLength":0,"runningWork":["/clone-16084/us-central1/api/payments-2023-10-01T23:55:23.613Z"],"workRunningCount":1}
[debug] [2023-10-01T23:55:23.628Z] Accepted request POST /clone-16084/us-central1/api/payments?total=2392 --> us-central1-api
[debug] [2023-10-01T23:55:23.699Z] [functions] Runtime ready! Sending request! {"metadata":{"emulator":{"name":"functions"},"message":"[functions] Runtime ready! Sending request!"}}
[debug] [2023-10-01T23:55:23.708Z] [functions] Got req.url=/clone-16084/us-central1/api/payments?total=2392, mapping to path=/payments?total=2392 {"metadata":{"emulator":{"name":"functions"},"message":"[functions] Got req.url=/clone-16084/us-central1/api/payments?total=2392, mapping to path=/payments?total=2392"}}
[debug] [2023-10-01T23:55:23.710Z] [worker-pool] submitRequest(triggerId=us-central1-api) {"metadata":{"emulator":{"name":"functions"},"message":"[worker-pool] submitRequest(triggerId=us-central1-api)"}}
[info] i  functions: Beginning execution of "us-central1-api" {"metadata":{"emulator":{"name":"functions"},"function":{"name":"us-central1-api"},"extension":{},"message":"Beginning execution of \"us-central1-api\""}}
[debug] [2023-10-01T23:55:23.715Z] [worker-us-central1-api-6ae8a0d7-a700-4674-9bea-55dae4fc69ad]: BUSY {"metadata":{"emulator":{"name":"functions"},"function":{"name":"us-central1-api"},"extension":{},"message":"[worker-us-central1-api-6ae8a0d7-a700-4674-9bea-55dae4fc69ad]: BUSY"}}
[debug] [2023-10-01T23:55:23.719Z] [work-queue] {"queuedWork":["/clone-16084/us-central1/api/payments-2023-10-01T23:55:23.719Z"],"queueLength":1,"runningWork":["/clone-16084/us-central1/api/payments-2023-10-01T23:55:23.613Z"],"workRunningCount":1}
[debug] [2023-10-01T23:55:23.719Z] [work-queue] {"queuedWork":[],"queueLength":0,"runningWork":["/clone-16084/us-central1/api/payments-2023-10-01T23:55:23.613Z","/clone-16084/us-central1/api/payments-2023-10-01T23:55:23.719Z"],"workRunningCount":2}
[debug] [2023-10-01T23:55:23.720Z] Accepted request POST /clone-16084/us-central1/api/payments?total=2392 --> us-central1-api
[debug] [2023-10-01T23:55:23.729Z] [functions] Runtime ready! Sending request! {"metadata":{"emulator":{"name":"functions"},"message":"[functions] Runtime ready! Sending request!"}}
[debug] [2023-10-01T23:55:23.729Z] [functions] Got req.url=/clone-16084/us-central1/api/payments?total=2392, mapping to path=/payments?total=2392 {"metadata":{"emulator":{"name":"functions"},"message":"[functions] Got req.url=/clone-16084/us-central1/api/payments?total=2392, mapping to path=/payments?total=2392"}}
[debug] [2023-10-01T23:55:23.730Z] [worker-pool] submitRequest(triggerId=us-central1-api) {"metadata":{"emulator":{"name":"functions"},"message":"[worker-pool] submitRequest(triggerId=us-central1-api)"}}
[info] i  functions: Beginning execution of "us-central1-api" {"metadata":{"emulator":{"name":"functions"},"function":{"name":"us-central1-api"},"extension":{},"message":"Beginning execution of \"us-central1-api\""}}
[debug] [2023-10-01T23:55:23.732Z] [worker-us-central1-api-68885743-e8e2-4e82-96d0-fca2f5358941]: BUSY {"metadata":{"emulator":{"name":"functions"},"function":{"name":"us-central1-api"},"extension":{},"message":"[worker-us-central1-api-68885743-e8e2-4e82-96d0-fca2f5358941]: BUSY"}}
[info] >  Payment Request Recieved for this amount >>> 2392 {"user":"Payment Request Recieved for this amount >>> 2392","metadata":{"emulator":{"name":"functions"},"function":{"name":"us-central1-api"},"extension":{},"message":"\u001b[90m> \u001b[39m Payment Request Recieved for this amount >>> 2392"}}
[info] >  Payment Request Recieved for this amount >>> 2392 {"user":"Payment Request Recieved for this amount >>> 2392","metadata":{"emulator":{"name":"functions"},"function":{"name":"us-central1-api"},"extension":{},"message":"\u001b[90m> \u001b[39m Payment Request Recieved for this amount >>> 2392"}}
[debug] [2023-10-01T23:55:24.349Z] Finishing up request with event=pause {"metadata":{"emulator":{"name":"functions"},"function":{"name":"us-central1-api"},"extension":{},"message":"Finishing up request with event=pause"}}
[info] i  functions: Finished "us-central1-api" in 616.934329ms {"metadata":{"emulator":{"name":"functions"},"function":{"name":"us-central1-api"},"extension":{},"message":"Finished \"us-central1-api\" in 616.934329ms"}}
[debug] [2023-10-01T23:55:24.350Z] [worker-us-central1-api-68885743-e8e2-4e82-96d0-fca2f5358941]: IDLE {"metadata":{"emulator":{"name":"functions"},"function":{"name":"us-central1-api"},"extension":{},"message":"[worker-us-central1-api-68885743-e8e2-4e82-96d0-fca2f5358941]: IDLE"}}
[debug] [2023-10-01T23:55:24.350Z] Finishing up request with event=finish {"metadata":{"emulator":{"name":"functions"},"function":{"name":"us-central1-api"},"extension":{},"message":"Finishing up request with event=finish"}}
[debug] [2023-10-01T23:55:24.351Z] Finishing up request with event=close {"metadata":{"emulator":{"name":"functions"},"function":{"name":"us-central1-api"},"extension":{},"message":"Finishing up request with event=close"}}
[debug] [2023-10-01T23:55:24.351Z] [work-queue] {"queuedWork":[],"queueLength":0,"runningWork":["/clone-16084/us-central1/api/payments-2023-10-01T23:55:23.613Z"],"workRunningCount":1}
[debug] [2023-10-01T23:55:24.352Z] Finishing up request with event=pause {"metadata":{"emulator":{"name":"functions"},"function":{"name":"us-central1-api"},"extension":{},"message":"Finishing up request with event=pause"}}
[info] i  functions: Finished "us-central1-api" in 637.680186ms {"metadata":{"emulator":{"name":"functions"},"function":{"name":"us-central1-api"},"extension":{},"message":"Finished \"us-central1-api\" in 637.680186ms"}}
[debug] [2023-10-01T23:55:24.353Z] [worker-us-central1-api-6ae8a0d7-a700-4674-9bea-55dae4fc69ad]: IDLE {"metadata":{"emulator":{"name":"functions"},"function":{"name":"us-central1-api"},"extension":{},"message":"[worker-us-central1-api-6ae8a0d7-a700-4674-9bea-55dae4fc69ad]: IDLE"}}
[debug] [2023-10-01T23:55:24.353Z] Finishing up request with event=finish {"metadata":{"emulator":{"name":"functions"},"function":{"name":"us-central1-api"},"extension":{},"message":"Finishing up request with event=finish"}}
[debug] [2023-10-01T23:55:24.353Z] Finishing up request with event=close {"metadata":{"emulator":{"name":"functions"},"function":{"name":"us-central1-api"},"extension":{},"message":"Finishing up request with event=close"}}
[debug] [2023-10-01T23:55:24.353Z] [work-queue] {"queuedWork":[],"queueLength":0,"runningWork":[],"workRunningCount":0}
[debug] [2023-10-02T00:00:16.655Z] [work-queue] {"queuedWork":["/clone-16084/us-central1/api/payments-2023-10-02T00:00:16.654Z"],"queueLength":1,"runningWork":[],"workRunningCount":0}
[debug] [2023-10-02T00:00:16.660Z] [work-queue] {"queuedWork":[],"queueLength":0,"runningWork":["/clone-16084/us-central1/api/payments-2023-10-02T00:00:16.654Z"],"workRunningCount":1}
[debug] [2023-10-02T00:00:16.661Z] Accepted request POST /clone-16084/us-central1/api/payments?total=12999 --> us-central1-api
[debug] [2023-10-02T00:00:16.676Z] [functions] Runtime ready! Sending request! {"metadata":{"emulator":{"name":"functions"},"message":"[functions] Runtime ready! Sending request!"}}
[debug] [2023-10-02T00:00:16.677Z] [functions] Got req.url=/clone-16084/us-central1/api/payments?total=12999, mapping to path=/payments?total=12999 {"metadata":{"emulator":{"name":"functions"},"message":"[functions] Got req.url=/clone-16084/us-central1/api/payments?total=12999, mapping to path=/payments?total=12999"}}
[debug] [2023-10-02T00:00:16.677Z] [worker-pool] submitRequest(triggerId=us-central1-api) {"metadata":{"emulator":{"name":"functions"},"message":"[worker-pool] submitRequest(triggerId=us-central1-api)"}}
[info] i  functions: Beginning execution of "us-central1-api" {"metadata":{"emulator":{"name":"functions"},"function":{"name":"us-central1-api"},"extension":{},"message":"Beginning execution of \"us-central1-api\""}}
[debug] [2023-10-02T00:00:16.682Z] [worker-us-central1-api-6ae8a0d7-a700-4674-9bea-55dae4fc69ad]: BUSY {"metadata":{"emulator":{"name":"functions"},"function":{"name":"us-central1-api"},"extension":{},"message":"[worker-us-central1-api-6ae8a0d7-a700-4674-9bea-55dae4fc69ad]: BUSY"}}
[debug] [2023-10-02T00:00:16.752Z] [work-queue] {"queuedWork":["/clone-16084/us-central1/api/payments-2023-10-02T00:00:16.751Z"],"queueLength":1,"runningWork":["/clone-16084/us-central1/api/payments-2023-10-02T00:00:16.654Z"],"workRunningCount":1}
[debug] [2023-10-02T00:00:16.753Z] [work-queue] {"queuedWork":[],"queueLength":0,"runningWork":["/clone-16084/us-central1/api/payments-2023-10-02T00:00:16.654Z","/clone-16084/us-central1/api/payments-2023-10-02T00:00:16.751Z"],"workRunningCount":2}
[debug] [2023-10-02T00:00:16.756Z] Accepted request POST /clone-16084/us-central1/api/payments?total=12999 --> us-central1-api
[debug] [2023-10-02T00:00:16.763Z] [functions] Runtime ready! Sending request! {"metadata":{"emulator":{"name":"functions"},"message":"[functions] Runtime ready! Sending request!"}}
[debug] [2023-10-02T00:00:16.763Z] [functions] Got req.url=/clone-16084/us-central1/api/payments?total=12999, mapping to path=/payments?total=12999 {"metadata":{"emulator":{"name":"functions"},"message":"[functions] Got req.url=/clone-16084/us-central1/api/payments?total=12999, mapping to path=/payments?total=12999"}}
[debug] [2023-10-02T00:00:16.764Z] [worker-pool] submitRequest(triggerId=us-central1-api) {"metadata":{"emulator":{"name":"functions"},"message":"[worker-pool] submitRequest(triggerId=us-central1-api)"}}
[info] i  functions: Beginning execution of "us-central1-api" {"metadata":{"emulator":{"name":"functions"},"function":{"name":"us-central1-api"},"extension":{},"message":"Beginning execution of \"us-central1-api\""}}
[debug] [2023-10-02T00:00:16.766Z] [worker-us-central1-api-68885743-e8e2-4e82-96d0-fca2f5358941]: BUSY {"metadata":{"emulator":{"name":"functions"},"function":{"name":"us-central1-api"},"extension":{},"message":"[worker-us-central1-api-68885743-e8e2-4e82-96d0-fca2f5358941]: BUSY"}}
[info] >  Payment Request Recieved for this amount >>> 12999 {"user":"Payment Request Recieved for this amount >>> 12999","metadata":{"emulator":{"name":"functions"},"function":{"name":"us-central1-api"},"extension":{},"message":"\u001b[90m> \u001b[39m Payment Request Recieved for this amount >>> 12999"}}
[info] >  Payment Request Recieved for this amount >>> 12999 {"user":"Payment Request Recieved for this amount >>> 12999","metadata":{"emulator":{"name":"functions"},"function":{"name":"us-central1-api"},"extension":{},"message":"\u001b[90m> \u001b[39m Payment Request Recieved for this amount >>> 12999"}}
[debug] [2023-10-02T00:00:17.119Z] Finishing up request with event=pause {"metadata":{"emulator":{"name":"functions"},"function":{"name":"us-central1-api"},"extension":{},"message":"Finishing up request with event=pause"}}
[info] i  functions: Finished "us-central1-api" in 353.873879ms {"metadata":{"emulator":{"name":"functions"},"function":{"name":"us-central1-api"},"extension":{},"message":"Finished \"us-central1-api\" in 353.873879ms"}}
[debug] [2023-10-02T00:00:17.120Z] [worker-us-central1-api-68885743-e8e2-4e82-96d0-fca2f5358941]: IDLE {"metadata":{"emulator":{"name":"functions"},"function":{"name":"us-central1-api"},"extension":{},"message":"[worker-us-central1-api-68885743-e8e2-4e82-96d0-fca2f5358941]: IDLE"}}
[debug] [2023-10-02T00:00:17.120Z] Finishing up request with event=finish {"metadata":{"emulator":{"name":"functions"},"function":{"name":"us-central1-api"},"extension":{},"message":"Finishing up request with event=finish"}}
[debug] [2023-10-02T00:00:17.120Z] Finishing up request with event=close {"metadata":{"emulator":{"name":"functions"},"function":{"name":"us-central1-api"},"extension":{},"message":"Finishing up request with event=close"}}
[debug] [2023-10-02T00:00:17.120Z] [work-queue] {"queuedWork":[],"queueLength":0,"runningWork":["/clone-16084/us-central1/api/payments-2023-10-02T00:00:16.654Z"],"workRunningCount":1}
[debug] [2023-10-02T00:00:17.137Z] Finishing up request with event=pause {"metadata":{"emulator":{"name":"functions"},"function":{"name":"us-central1-api"},"extension":{},"message":"Finishing up request with event=pause"}}
[info] i  functions: Finished "us-central1-api" in 455.035246ms {"metadata":{"emulator":{"name":"functions"},"function":{"name":"us-central1-api"},"extension":{},"message":"Finished \"us-central1-api\" in 455.035246ms"}}
[debug] [2023-10-02T00:00:17.139Z] [worker-us-central1-api-6ae8a0d7-a700-4674-9bea-55dae4fc69ad]: IDLE {"metadata":{"emulator":{"name":"functions"},"function":{"name":"us-central1-api"},"extension":{},"message":"[worker-us-central1-api-6ae8a0d7-a700-4674-9bea-55dae4fc69ad]: IDLE"}}
[debug] [2023-10-02T00:00:17.139Z] Finishing up request with event=finish {"metadata":{"emulator":{"name":"functions"},"function":{"name":"us-central1-api"},"extension":{},"message":"Finishing up request with event=finish"}}
[debug] [2023-10-02T00:00:17.139Z] Finishing up request with event=close {"metadata":{"emulator":{"name":"functions"},"function":{"name":"us-central1-api"},"extension":{},"message":"Finishing up request with event=close"}}
[debug] [2023-10-02T00:00:17.139Z] [work-queue] {"queuedWork":[],"queueLength":0,"runningWork":[],"workRunningCount":0}
[debug] [2023-10-02T00:51:35.798Z] File /Users/nuhaminmelaku/Desktop/EVANGADI/Project/AmazonClone/client/amazon-replica/functions/index.js changed, reloading triggers {"metadata":{"emulator":{"name":"functions"},"message":"File /Users/nuhaminmelaku/Desktop/EVANGADI/Project/AmazonClone/client/amazon-replica/functions/index.js changed, reloading triggers"}}
[debug] [2023-10-02T00:51:36.840Z] Validating nodejs source
[debug] [2023-10-02T00:51:38.446Z] > [functions] package.json contents: {
  "name": "functions",
  "description": "Cloud Functions for Firebase",
  "scripts": {
    "lint": "eslint .",
    "serve": "firebase emulators:start --only functions",
    "shell": "firebase functions:shell",
    "start": "npm run shell",
    "deploy": "firebase deploy --only functions",
    "logs": "firebase functions:log"
  },
  "engines": {
    "node": "18"
  },
  "main": "index.js",
  "dependencies": {
    "cors": "^2.8.5",
    "express": "^4.18.2",
    "firebase-admin": "^11.8.0",
    "firebase-functions": "^4.3.1",
    "stripe": "^13.7.0"
  },
  "devDependencies": {
    "eslint": "^8.15.0",
    "eslint-config-google": "^0.14.0",
    "firebase-functions-test": "^3.1.0"
  },
  "private": true
}
[debug] [2023-10-02T00:51:38.447Z] Building nodejs source
[debug] [2023-10-02T00:51:38.447Z] Failed to find version of module node: reached end of search path /Users/nuhaminmelaku/Desktop/EVANGADI/Project/AmazonClone/client/amazon-replica/functions/node_modules
[info] ✔  functions: Using node@18 from host. 
[debug] [2023-10-02T00:51:38.454Z] File /Users/nuhaminmelaku/Desktop/EVANGADI/Project/AmazonClone/client/amazon-replica/functions/index.js changed, reloading triggers {"metadata":{"emulator":{"name":"functions"},"message":"File /Users/nuhaminmelaku/Desktop/EVANGADI/Project/AmazonClone/client/amazon-replica/functions/index.js changed, reloading triggers"}}
[debug] [2023-10-02T00:51:38.455Z] Could not find functions.yaml. Must use http discovery
[debug] [2023-10-02T00:51:38.477Z] Found firebase-functions binary at '/Users/nuhaminmelaku/Desktop/EVANGADI/Project/AmazonClone/client/amazon-replica/functions/node_modules/.bin/firebase-functions'
[info] Serving at port 8814

[debug] [2023-10-02T00:51:39.455Z] Validating nodejs source
[debug] [2023-10-02T00:51:40.084Z] > [functions] package.json contents: {
  "name": "functions",
  "description": "Cloud Functions for Firebase",
  "scripts": {
    "lint": "eslint .",
    "serve": "firebase emulators:start --only functions",
    "shell": "firebase functions:shell",
    "start": "npm run shell",
    "deploy": "firebase deploy --only functions",
    "logs": "firebase functions:log"
  },
  "engines": {
    "node": "18"
  },
  "main": "index.js",
  "dependencies": {
    "cors": "^2.8.5",
    "express": "^4.18.2",
    "firebase-admin": "^11.8.0",
    "firebase-functions": "^4.3.1",
    "stripe": "^13.7.0"
  },
  "devDependencies": {
    "eslint": "^8.15.0",
    "eslint-config-google": "^0.14.0",
    "firebase-functions-test": "^3.1.0"
  },
  "private": true
}
[debug] [2023-10-02T00:51:40.085Z] Building nodejs source
[debug] [2023-10-02T00:51:40.085Z] Failed to find version of module node: reached end of search path /Users/nuhaminmelaku/Desktop/EVANGADI/Project/AmazonClone/client/amazon-replica/functions/node_modules
[info] ✔  functions: Using node@18 from host. 
[debug] [2023-10-02T00:51:40.086Z] Could not find functions.yaml. Must use http discovery
[debug] [2023-10-02T00:51:40.087Z] Found firebase-functions binary at '/Users/nuhaminmelaku/Desktop/EVANGADI/Project/AmazonClone/client/amazon-replica/functions/node_modules/.bin/firebase-functions'
[debug] [2023-10-02T00:51:40.088Z] Got response from /__/functions.yaml {"endpoints":{"api":{"platform":"gcfv1","availableMemoryMb":null,"timeoutSeconds":null,"minInstances":null,"maxInstances":null,"ingressSettings":null,"serviceAccountEmail":null,"vpc":null,"httpsTrigger":{},"entryPoint":"api"}},"specVersion":"v1alpha1","requiredAPIs":[]}
[info] shutdown requested via /__/quitquitquit

[info] ✔  functions: Loaded functions definitions from source: api. {"metadata":{"emulator":{"name":"functions"},"message":"Loaded functions definitions from source: api."}}
[debug] [2023-10-02T00:51:40.108Z] [worker-pool] Shutting down IDLE worker (us-central1-api) {"metadata":{"emulator":{"name":"functions"},"message":"[worker-pool] Shutting down IDLE worker (us-central1-api)"}}
[debug] [2023-10-02T00:51:40.108Z] [worker-us-central1-api-6ae8a0d7-a700-4674-9bea-55dae4fc69ad]: FINISHING {"metadata":{"emulator":{"name":"functions"},"function":{"name":"us-central1-api"},"extension":{},"message":"[worker-us-central1-api-6ae8a0d7-a700-4674-9bea-55dae4fc69ad]: FINISHING"}}
[debug] [2023-10-02T00:51:40.108Z] [worker-pool] Shutting down IDLE worker (us-central1-api) {"metadata":{"emulator":{"name":"functions"},"message":"[worker-pool] Shutting down IDLE worker (us-central1-api)"}}
[debug] [2023-10-02T00:51:40.108Z] [worker-us-central1-api-68885743-e8e2-4e82-96d0-fca2f5358941]: FINISHING {"metadata":{"emulator":{"name":"functions"},"function":{"name":"us-central1-api"},"extension":{},"message":"[worker-us-central1-api-68885743-e8e2-4e82-96d0-fca2f5358941]: FINISHING"}}
[debug] [2023-10-02T00:51:40.119Z] [worker-us-central1-api-6ae8a0d7-a700-4674-9bea-55dae4fc69ad]: exited {"metadata":{"emulator":{"name":"functions"},"function":{"name":"us-central1-api"},"extension":{},"message":"[worker-us-central1-api-6ae8a0d7-a700-4674-9bea-55dae4fc69ad]: exited"}}
[debug] [2023-10-02T00:51:40.119Z] [worker-us-central1-api-6ae8a0d7-a700-4674-9bea-55dae4fc69ad]: FINISHED {"metadata":{"emulator":{"name":"functions"},"function":{"name":"us-central1-api"},"extension":{},"message":"[worker-us-central1-api-6ae8a0d7-a700-4674-9bea-55dae4fc69ad]: FINISHED"}}
[debug] [2023-10-02T00:51:40.119Z] [worker-us-central1-api-68885743-e8e2-4e82-96d0-fca2f5358941]: exited {"metadata":{"emulator":{"name":"functions"},"function":{"name":"us-central1-api"},"extension":{},"message":"[worker-us-central1-api-68885743-e8e2-4e82-96d0-fca2f5358941]: exited"}}
[debug] [2023-10-02T00:51:40.119Z] [worker-us-central1-api-68885743-e8e2-4e82-96d0-fca2f5358941]: FINISHED {"metadata":{"emulator":{"name":"functions"},"function":{"name":"us-central1-api"},"extension":{},"message":"[worker-us-central1-api-68885743-e8e2-4e82-96d0-fca2f5358941]: FINISHED"}}
[info] Serving at port 8978

[debug] [2023-10-02T00:51:40.490Z] Got response from /__/functions.yaml {"endpoints":{"api":{"platform":"gcfv1","availableMemoryMb":null,"timeoutSeconds":null,"minInstances":null,"maxInstances":null,"ingressSettings":null,"serviceAccountEmail":null,"vpc":null,"httpsTrigger":{},"entryPoint":"api"}},"specVersion":"v1alpha1","requiredAPIs":[]}
[info] shutdown requested via /__/quitquitquit

[info] ✔  functions: Loaded functions definitions from source: api. {"metadata":{"emulator":{"name":"functions"},"message":"Loaded functions definitions from source: api."}}
[debug] [2023-10-03T16:26:54.945Z] Received signal SIGHUP 1
[info]  
[info] i  emulators: Received SIGHUP for the first time. Starting a clean shutdown. 
[info] i  emulators: Please wait for a clean shutdown or send the SIGHUP signal again to stop right now. 
[debug] [2023-10-03T16:26:55.304Z] Error: write EIO
    at afterWriteDispatched (node:internal/stream_base_commons:160:15)
    at writeGeneric (node:internal/stream_base_commons:151:3)
    at Socket._writeGeneric (node:net:931:11)
    at Socket._write (node:net:943:8)
    at writeOrBuffer (node:internal/streams/writable:392:12)
    at _write (node:internal/streams/writable:333:10)
    at Writable.write (node:internal/streams/writable:337:10)
    at Console.log (/usr/local/lib/node_modules/firebase-tools/node_modules/winston/lib/winston/transports/console.js:79:23)
    at Console._write (/usr/local/lib/node_modules/firebase-tools/node_modules/winston-transport/index.js:103:17)
    at doWrite (/usr/local/lib/node_modules/firebase-tools/node_modules/readable-stream/lib/_stream_writable.js:390:139)
[error] 
[error] Error: An unexpected error has occurred.
[debug] [2023-10-03T16:26:55.324Z] Error: write EIO
    at afterWriteDispatched (node:internal/stream_base_commons:160:15)
    at writeGeneric (node:internal/stream_base_commons:151:3)
    at Socket._writeGeneric (node:net:931:11)
    at Socket._write (node:net:943:8)
    at writeOrBuffer (node:internal/streams/writable:392:12)
    at _write (node:internal/streams/writable:333:10)
    at Writable.write (node:internal/streams/writable:337:10)
    at Console.log (/usr/local/lib/node_modules/firebase-tools/node_modules/winston/lib/winston/transports/console.js:79:23)
    at Console._write (/usr/local/lib/node_modules/firebase-tools/node_modules/winston-transport/index.js:103:17)
    at doWrite (/usr/local/lib/node_modules/firebase-tools/node_modules/readable-stream/lib/_stream_writable.js:390:139)
[error] 
[error] Error: An unexpected error has occurred.
[debug] [2023-10-03T16:26:55.328Z] Error: write EIO
    at afterWriteDispatched (node:internal/stream_base_commons:160:15)
    at writeGeneric (node:internal/stream_base_commons:151:3)
    at Socket._writeGeneric (node:net:931:11)
    at Socket._write (node:net:943:8)
    at writeOrBuffer (node:internal/streams/writable:392:12)
    at _write (node:internal/streams/writable:333:10)
    at Writable.write (node:internal/streams/writable:337:10)
    at Console.log (/usr/local/lib/node_modules/firebase-tools/node_modules/winston/lib/winston/transports/console.js:79:23)
    at Console._write (/usr/local/lib/node_modules/firebase-tools/node_modules/winston-transport/index.js:103:17)
    at doWrite (/usr/local/lib/node_modules/firebase-tools/node_modules/readable-stream/lib/_stream_writable.js:390:139)
[error] 
[error] Error: An unexpected error has occurred.
[debug] [2023-10-03T16:26:55.332Z] Error: write EIO
    at afterWriteDispatched (node:internal/stream_base_commons:160:15)
    at writeGeneric (node:internal/stream_base_commons:151:3)
    at Socket._writeGeneric (node:net:931:11)
    at Socket._write (node:net:943:8)
    at writeOrBuffer (node:internal/streams/writable:392:12)
    at _write (node:internal/streams/writable:333:10)
    at Writable.write (node:internal/streams/writable:337:10)
    at Console.log (/usr/local/lib/node_modules/firebase-tools/node_modules/winston/lib/winston/transports/console.js:79:23)
    at Console._write (/usr/local/lib/node_modules/firebase-tools/node_modules/winston-transport/index.js:103:17)
    at doWrite (/usr/local/lib/node_modules/firebase-tools/node_modules/readable-stream/lib/_stream_writable.js:390:139)
[error] 
[error] Error: An unexpected error has occurred.
[debug] [2023-10-03T16:26:55.334Z] Error: write EIO
    at afterWriteDispatched (node:internal/stream_base_commons:160:15)
    at writeGeneric (node:internal/stream_base_commons:151:3)
    at Socket._writeGeneric (node:net:931:11)
    at Socket._write (node:net:943:8)
    at writeOrBuffer (node:internal/streams/writable:392:12)
    at _write (node:internal/streams/writable:333:10)
    at Writable.write (node:internal/streams/writable:337:10)
    at Console.log (/usr/local/lib/node_modules/firebase-tools/node_modules/winston/lib/winston/transports/console.js:79:23)
    at Console._write (/usr/local/lib/node_modules/firebase-tools/node_modules/winston-transport/index.js:103:17)
    at doWrite (/usr/local/lib/node_modules/firebase-tools/node_modules/readable-stream/lib/_stream_writable.js:390:139)
[error] 
[error] Error: An unexpected error has occurred.
[debug] [2023-10-03T16:26:55.337Z] Error: write EIO
    at afterWriteDispatched (node:internal/stream_base_commons:160:15)
    at writeGeneric (node:internal/stream_base_commons:151:3)
    at Socket._writeGeneric (node:net:931:11)
    at Socket._write (node:net:943:8)
    at writeOrBuffer (node:internal/streams/writable:392:12)
    at _write (node:internal/streams/writable:333:10)
    at Writable.write (node:internal/streams/writable:337:10)
    at Console.log (/usr/local/lib/node_modules/firebase-tools/node_modules/winston/lib/winston/transports/console.js:79:23)
    at Console._write (/usr/local/lib/node_modules/firebase-tools/node_modules/winston-transport/index.js:103:17)
    at doWrite (/usr/local/lib/node_modules/firebase-tools/node_modules/readable-stream/lib/_stream_writable.js:390:139)
[error] 
[error] Error: An unexpected error has occurred.
[debug] [2023-10-03T16:26:55.339Z] Error: write EIO
    at afterWriteDispatched (node:internal/stream_base_commons:160:15)
    at writeGeneric (node:internal/stream_base_commons:151:3)
    at Socket._writeGeneric (node:net:931:11)
    at Socket._write (node:net:943:8)
    at writeOrBuffer (node:internal/streams/writable:392:12)
    at _write (node:internal/streams/writable:333:10)
    at Writable.write (node:internal/streams/writable:337:10)
    at Console.log (/usr/local/lib/node_modules/firebase-tools/node_modules/winston/lib/winston/transports/console.js:79:23)
    at Console._write (/usr/local/lib/node_modules/firebase-tools/node_modules/winston-transport/index.js:103:17)
    at doWrite (/usr/local/lib/node_modules/firebase-tools/node_modules/readable-stream/lib/_stream_writable.js:390:139)
[error] 
[error] Error: An unexpected error has occurred.
[debug] [2023-10-03T16:26:55.343Z] Error: write EIO
    at afterWriteDispatched (node:internal/stream_base_commons:160:15)
    at writeGeneric (node:internal/stream_base_commons:151:3)
    at Socket._writeGeneric (node:net:931:11)
    at Socket._write (node:net:943:8)
    at writeOrBuffer (node:internal/streams/writable:392:12)
    at _write (node:internal/streams/writable:333:10)
    at Writable.write (node:internal/streams/writable:337:10)
    at Console.log (/usr/local/lib/node_modules/firebase-tools/node_modules/winston/lib/winston/transports/console.js:79:23)
    at Console._write (/usr/local/lib/node_modules/firebase-tools/node_modules/winston-transport/index.js:103:17)
    at doWrite (/usr/local/lib/node_modules/firebase-tools/node_modules/readable-stream/lib/_stream_writable.js:390:139)
[error] 
[error] Error: An unexpected error has occurred.
[debug] [2023-10-03T16:26:55.345Z] Error: write EIO
    at afterWriteDispatched (node:internal/stream_base_commons:160:15)
    at writeGeneric (node:internal/stream_base_commons:151:3)
    at Socket._writeGeneric (node:net:931:11)
    at Socket._write (node:net:943:8)
    at writeOrBuffer (node:internal/streams/writable:392:12)
    at _write (node:internal/streams/writable:333:10)
    at Writable.write (node:internal/streams/writable:337:10)
    at Console.log (/usr/local/lib/node_modules/firebase-tools/node_modules/winston/lib/winston/transports/console.js:79:23)
    at Console._write (/usr/local/lib/node_modules/firebase-tools/node_modules/winston-transport/index.js:103:17)
    at doWrite (/usr/local/lib/node_modules/firebase-tools/node_modules/readable-stream/lib/_stream_writable.js:390:139)
[error] 
[error] Error: An unexpected error has occurred.
[debug] [2023-10-03T16:26:55.352Z] Error: write EIO
    at afterWriteDispatched (node:internal/stream_base_commons:160:15)
    at writeGeneric (node:internal/stream_base_commons:151:3)
    at Socket._writeGeneric (node:net:931:11)
    at Socket._write (node:net:943:8)
    at writeOrBuffer (node:internal/streams/writable:392:12)
    at _write (node:internal/streams/writable:333:10)
    at Writable.write (node:internal/streams/writable:337:10)
    at Console.log (/usr/local/lib/node_modules/firebase-tools/node_modules/winston/lib/winston/transports/console.js:79:23)
    at Console._write (/usr/local/lib/node_modules/firebase-tools/node_modules/winston-transport/index.js:103:17)
    at doWrite (/usr/local/lib/node_modules/firebase-tools/node_modules/readable-stream/lib/_stream_writable.js:390:139)
[error] 
[error] Error: An unexpected error has occurred.
[debug] [2023-10-03T16:26:55.353Z] Error: write EIO
    at afterWriteDispatched (node:internal/stream_base_commons:160:15)
    at writeGeneric (node:internal/stream_base_commons:151:3)
    at Socket._writeGeneric (node:net:931:11)
    at Socket._write (node:net:943:8)
    at writeOrBuffer (node:internal/streams/writable:392:12)
    at _write (node:internal/streams/writable:333:10)
    at Writable.write (node:internal/streams/writable:337:10)
    at Console.log (/usr/local/lib/node_modules/firebase-tools/node_modules/winston/lib/winston/transports/console.js:79:23)
    at Console._write (/usr/local/lib/node_modules/firebase-tools/node_modules/winston-transport/index.js:103:17)
    at doWrite (/usr/local/lib/node_modules/firebase-tools/node_modules/readable-stream/lib/_stream_writable.js:390:139)
[error] 
[error] Error: An unexpected error has occurred.
[debug] [2023-10-03T16:26:55.355Z] Error: write EIO
    at afterWriteDispatched (node:internal/stream_base_commons:160:15)
    at writeGeneric (node:internal/stream_base_commons:151:3)
    at Socket._writeGeneric (node:net:931:11)
    at Socket._write (node:net:943:8)
    at writeOrBuffer (node:internal/streams/writable:392:12)
    at _write (node:internal/streams/writable:333:10)
    at Writable.write (node:internal/streams/writable:337:10)
    at Console.log (/usr/local/lib/node_modules/firebase-tools/node_modules/winston/lib/winston/transports/console.js:79:23)
    at Console._write (/usr/local/lib/node_modules/firebase-tools/node_modules/winston-transport/index.js:103:17)
    at doWrite (/usr/local/lib/node_modules/firebase-tools/node_modules/readable-stream/lib/_stream_writable.js:390:139)
[error] 
[error] Error: An unexpected error has occurred.
[debug] [2023-10-03T16:26:55.357Z] Error: write EIO
    at afterWriteDispatched (node:internal/stream_base_commons:160:15)
    at writeGeneric (node:internal/stream_base_commons:151:3)
    at Socket._writeGeneric (node:net:931:11)
    at Socket._write (node:net:943:8)
    at writeOrBuffer (node:internal/streams/writable:392:12)
    at _write (node:internal/streams/writable:333:10)
    at Writable.write (node:internal/streams/writable:337:10)
    at Console.log (/usr/local/lib/node_modules/firebase-tools/node_modules/winston/lib/winston/transports/console.js:79:23)
    at Console._write (/usr/local/lib/node_modules/firebase-tools/node_modules/winston-transport/index.js:103:17)
    at doWrite (/usr/local/lib/node_modules/firebase-tools/node_modules/readable-stream/lib/_stream_writable.js:390:139)
[error] 
[error] Error: An unexpected error has occurred.
[debug] [2023-10-03T16:26:55.363Z] Error: write EIO
    at afterWriteDispatched (node:internal/stream_base_commons:160:15)
    at writeGeneric (node:internal/stream_base_commons:151:3)
    at Socket._writeGeneric (node:net:931:11)
    at Socket._write (node:net:943:8)
    at writeOrBuffer (node:internal/streams/writable:392:12)
    at _write (node:internal/streams/writable:333:10)
    at Writable.write (node:internal/streams/writable:337:10)
    at Console.log (/usr/local/lib/node_modules/firebase-tools/node_modules/winston/lib/winston/transports/console.js:79:23)
    at Console._write (/usr/local/lib/node_modules/firebase-tools/node_modules/winston-transport/index.js:103:17)
    at doWrite (/usr/local/lib/node_modules/firebase-tools/node_modules/readable-stream/lib/_stream_writable.js:390:139)
[error] 
[error] Error: An unexpected error has occurred.
[debug] [2023-10-03T16:26:55.365Z] Error: write EIO
    at afterWriteDispatched (node:internal/stream_base_commons:160:15)
    at writeGeneric (node:internal/stream_base_commons:151:3)
    at Socket._writeGeneric (node:net:931:11)
    at Socket._write (node:net:943:8)
    at writeOrBuffer (node:internal/streams/writable:392:12)
    at _write (node:internal/streams/writable:333:10)
    at Writable.write (node:internal/streams/writable:337:10)
    at Console.log (/usr/local/lib/node_modules/firebase-tools/node_modules/winston/lib/winston/transports/console.js:79:23)
    at Console._write (/usr/local/lib/node_modules/firebase-tools/node_modules/winston-transport/index.js:103:17)
    at doWrite (/usr/local/lib/node_modules/firebase-tools/node_modules/readable-stream/lib/_stream_writable.js:390:139)
[error] 
[error] Error: An unexpected error has occurred.
[debug] [2023-10-03T16:26:55.366Z] Error: write EIO
    at afterWriteDispatched (node:internal/stream_base_commons:160:15)
    at writeGeneric (node:internal/stream_base_commons:151:3)
    at Socket._writeGeneric (node:net:931:11)
    at Socket._write (node:net:943:8)
    at writeOrBuffer (node:internal/streams/writable:392:12)
    at _write (node:internal/streams/writable:333:10)
    at Writable.write (node:internal/streams/writable:337:10)
    at Console.log (/usr/local/lib/node_modules/firebase-tools/node_modules/winston/lib/winston/transports/console.js:79:23)
    at Console._write (/usr/local/lib/node_modules/firebase-tools/node_modules/winston-transport/index.js:103:17)
    at doWrite (/usr/local/lib/node_modules/firebase-tools/node_modules/readable-stream/lib/_stream_writable.js:390:139)
[error] 
[error] Error: An unexpected error has occurred.
[debug] [2023-10-03T16:26:55.367Z] Error: write EIO
    at afterWriteDispatched (node:internal/stream_base_commons:160:15)
    at writeGeneric (node:internal/stream_base_commons:151:3)
    at Socket._writeGeneric (node:net:931:11)
    at Socket._write (node:net:943:8)
    at writeOrBuffer (node:internal/streams/writable:392:12)
    at _write (node:internal/streams/writable:333:10)
    at Writable.write (node:internal/streams/writable:337:10)
    at Console.log (/usr/local/lib/node_modules/firebase-tools/node_modules/winston/lib/winston/transports/console.js:79:23)
    at Console._write (/usr/local/lib/node_modules/firebase-tools/node_modules/winston-transport/index.js:103:17)
    at doWrite (/usr/local/lib/node_modules/firebase-tools/node_modules/readable-stream/lib/_stream_writable.js:390:139)
[error] 
[error] Error: An unexpected error has occurred.
[debug] [2023-10-03T16:26:55.368Z] Error: write EIO
    at afterWriteDispatched (node:internal/stream_base_commons:160:15)
    at writeGeneric (node:internal/stream_base_commons:151:3)
    at Socket._writeGeneric (node:net:931:11)
    at Socket._write (node:net:943:8)
    at writeOrBuffer (node:internal/streams/writable:392:12)
    at _write (node:internal/streams/writable:333:10)
    at Writable.write (node:internal/streams/writable:337:10)
    at Console.log (/usr/local/lib/node_modules/firebase-tools/node_modules/winston/lib/winston/transports/console.js:79:23)
    at Console._write (/usr/local/lib/node_modules/firebase-tools/node_modules/winston-transport/index.js:103:17)
    at doWrite (/usr/local/lib/node_modules/firebase-tools/node_modules/readable-stream/lib/_stream_writable.js:390:139)
[error] 
[error] Error: An unexpected error has occurred.
